<?xml version="1.0" encoding="UTF-8"?>
<!-- Generated by org.testng.reporters.JUnitXMLReporter -->
<testsuite hostname="Cognits-1" ignored="0" name="Test_Frenzy_Firefox" tests="9" failures="5" timestamp="19 sep 2017 16:45:18 GMT" time="185.746" errors="0">
  <testcase name="AbrirNavegador" time="11.107" classname="Package_1.Test_Frenzy_Firefox"/>
  <testcase name="Login" time="6.287" classname="Package_1.Test_Frenzy_Firefox"/>
  <testcase name="Navbar" time="13.355" classname="Package_1.Test_Frenzy_Firefox"/>
  <testcase name="buttonsHome" time="34.058" classname="Package_1.Test_Frenzy_Firefox">
    <failure type="org.openqa.selenium.TimeoutException" message="Expected condition failed: waiting for visibility of element located by By.xpath: //DIV[@class=&amp;apos;boxModalTutorialCodePromotion&amp;apos;] (tried for 30 second(s) with 500 MILLISECONDS interval)
Build info: version: &amp;apos;unknown&amp;apos;, revision: &amp;apos;unknown&amp;apos;, time: &amp;apos;unknown&amp;apos;
System info: host: &amp;apos;COGNITS-1&amp;apos;, ip: &amp;apos;192.168.50.37&amp;apos;, os.name: &amp;apos;Windows 10&amp;apos;, os.arch: &amp;apos;amd64&amp;apos;, os.version: &amp;apos;10.0&amp;apos;, java.version: &amp;apos;1.8.0_144&amp;apos;
Driver info: org.openqa.selenium.firefox.FirefoxDriver
Capabilities [{moz:profile=C:\Users\Dilan\AppData\Local\Temp\rust_mozprofile.62yFrd2oLmQG, rotatable=false, timeouts={implicit=0, pageLoad=300000, script=30000}, pageLoadStrategy=normal, platform=XP, specificationLevel=0, moz:accessibilityChecks=false, acceptInsecureCerts=false, browserVersion=55.0.3, platformVersion=10.0, moz:processID=8180, browserName=firefox, javascriptEnabled=true, platformName=XP}]
Session ID: 67657698-e456-4045-bc79-4a688d0a7e29">
      <![CDATA[org.openqa.selenium.TimeoutException: Expected condition failed: waiting for visibility of element located by By.xpath: //DIV[@class='boxModalTutorialCodePromotion'] (tried for 30 second(s) with 500 MILLISECONDS interval)
Build info: version: 'unknown', revision: 'unknown', time: 'unknown'
System info: host: 'COGNITS-1', ip: '192.168.50.37', os.name: 'Windows 10', os.arch: 'amd64', os.version: '10.0', java.version: '1.8.0_144'
Driver info: org.openqa.selenium.firefox.FirefoxDriver
Capabilities [{moz:profile=C:\Users\Dilan\AppData\Local\Temp\rust_mozprofile.62yFrd2oLmQG, rotatable=false, timeouts={implicit=0, pageLoad=300000, script=30000}, pageLoadStrategy=normal, platform=XP, specificationLevel=0, moz:accessibilityChecks=false, acceptInsecureCerts=false, browserVersion=55.0.3, platformVersion=10.0, moz:processID=8180, browserName=firefox, javascriptEnabled=true, platformName=XP}]
Session ID: 67657698-e456-4045-bc79-4a688d0a7e29
	at org.openqa.selenium.support.ui.WebDriverWait.timeoutException(WebDriverWait.java:80)
	at org.openqa.selenium.support.ui.FluentWait.until(FluentWait.java:232)
	at Package_1.Test_Frenzy_Firefox.buttonsHome(Test_Frenzy_Firefox.java:131)
... Removed 25 stack frames]]>
    </failure>
  </testcase> <!-- buttonsHome -->
  <testcase name="Categorias" time="30.05" classname="Package_1.Test_Frenzy_Firefox">
    <failure type="org.openqa.selenium.TimeoutException" message="Expected condition failed: waiting for visibility of element located by By.xpath: (//DIV[@class=&amp;apos;contentBoxCategory flexHorizontalCenter col-xs-12 col-sm-4 col-md-4 col-lg-4 ng-scope&amp;apos;])[1] (tried for 30 second(s) with 500 MILLISECONDS interval)
Build info: version: &amp;apos;unknown&amp;apos;, revision: &amp;apos;unknown&amp;apos;, time: &amp;apos;unknown&amp;apos;
System info: host: &amp;apos;COGNITS-1&amp;apos;, ip: &amp;apos;192.168.50.37&amp;apos;, os.name: &amp;apos;Windows 10&amp;apos;, os.arch: &amp;apos;amd64&amp;apos;, os.version: &amp;apos;10.0&amp;apos;, java.version: &amp;apos;1.8.0_144&amp;apos;
Driver info: org.openqa.selenium.firefox.FirefoxDriver
Capabilities [{moz:profile=C:\Users\Dilan\AppData\Local\Temp\rust_mozprofile.62yFrd2oLmQG, rotatable=false, timeouts={implicit=0, pageLoad=300000, script=30000}, pageLoadStrategy=normal, platform=XP, specificationLevel=0, moz:accessibilityChecks=false, acceptInsecureCerts=false, browserVersion=55.0.3, platformVersion=10.0, moz:processID=8180, browserName=firefox, javascriptEnabled=true, platformName=XP}]
Session ID: 67657698-e456-4045-bc79-4a688d0a7e29">
      <![CDATA[org.openqa.selenium.TimeoutException: Expected condition failed: waiting for visibility of element located by By.xpath: (//DIV[@class='contentBoxCategory flexHorizontalCenter col-xs-12 col-sm-4 col-md-4 col-lg-4 ng-scope'])[1] (tried for 30 second(s) with 500 MILLISECONDS interval)
Build info: version: 'unknown', revision: 'unknown', time: 'unknown'
System info: host: 'COGNITS-1', ip: '192.168.50.37', os.name: 'Windows 10', os.arch: 'amd64', os.version: '10.0', java.version: '1.8.0_144'
Driver info: org.openqa.selenium.firefox.FirefoxDriver
Capabilities [{moz:profile=C:\Users\Dilan\AppData\Local\Temp\rust_mozprofile.62yFrd2oLmQG, rotatable=false, timeouts={implicit=0, pageLoad=300000, script=30000}, pageLoadStrategy=normal, platform=XP, specificationLevel=0, moz:accessibilityChecks=false, acceptInsecureCerts=false, browserVersion=55.0.3, platformVersion=10.0, moz:processID=8180, browserName=firefox, javascriptEnabled=true, platformName=XP}]
Session ID: 67657698-e456-4045-bc79-4a688d0a7e29
	at org.openqa.selenium.support.ui.WebDriverWait.timeoutException(WebDriverWait.java:80)
	at org.openqa.selenium.support.ui.FluentWait.until(FluentWait.java:232)
	at Package_1.Test_Frenzy_Firefox.Categorias(Test_Frenzy_Firefox.java:153)
... Removed 25 stack frames]]>
    </failure>
  </testcase> <!-- Categorias -->
  <testcase name="QueEsFrenzy" time="5.35" classname="Package_1.Test_Frenzy_Firefox"/>
  <testcase name="Bits" time="36.526" classname="Package_1.Test_Frenzy_Firefox">
    <failure type="org.openqa.selenium.TimeoutException" message="Expected condition failed: waiting for visibility of element located by By.xpath: //DIV[@class=&amp;apos;boxModalTutorialWinPoints&amp;apos;] (tried for 30 second(s) with 500 MILLISECONDS interval)
Build info: version: &amp;apos;unknown&amp;apos;, revision: &amp;apos;unknown&amp;apos;, time: &amp;apos;unknown&amp;apos;
System info: host: &amp;apos;COGNITS-1&amp;apos;, ip: &amp;apos;192.168.50.37&amp;apos;, os.name: &amp;apos;Windows 10&amp;apos;, os.arch: &amp;apos;amd64&amp;apos;, os.version: &amp;apos;10.0&amp;apos;, java.version: &amp;apos;1.8.0_144&amp;apos;
Driver info: org.openqa.selenium.firefox.FirefoxDriver
Capabilities [{moz:profile=C:\Users\Dilan\AppData\Local\Temp\rust_mozprofile.62yFrd2oLmQG, rotatable=false, timeouts={implicit=0, pageLoad=300000, script=30000}, pageLoadStrategy=normal, platform=XP, specificationLevel=0, moz:accessibilityChecks=false, acceptInsecureCerts=false, browserVersion=55.0.3, platformVersion=10.0, moz:processID=8180, browserName=firefox, javascriptEnabled=true, platformName=XP}]
Session ID: 67657698-e456-4045-bc79-4a688d0a7e29">
      <![CDATA[org.openqa.selenium.TimeoutException: Expected condition failed: waiting for visibility of element located by By.xpath: //DIV[@class='boxModalTutorialWinPoints'] (tried for 30 second(s) with 500 MILLISECONDS interval)
Build info: version: 'unknown', revision: 'unknown', time: 'unknown'
System info: host: 'COGNITS-1', ip: '192.168.50.37', os.name: 'Windows 10', os.arch: 'amd64', os.version: '10.0', java.version: '1.8.0_144'
Driver info: org.openqa.selenium.firefox.FirefoxDriver
Capabilities [{moz:profile=C:\Users\Dilan\AppData\Local\Temp\rust_mozprofile.62yFrd2oLmQG, rotatable=false, timeouts={implicit=0, pageLoad=300000, script=30000}, pageLoadStrategy=normal, platform=XP, specificationLevel=0, moz:accessibilityChecks=false, acceptInsecureCerts=false, browserVersion=55.0.3, platformVersion=10.0, moz:processID=8180, browserName=firefox, javascriptEnabled=true, platformName=XP}]
Session ID: 67657698-e456-4045-bc79-4a688d0a7e29
	at org.openqa.selenium.support.ui.WebDriverWait.timeoutException(WebDriverWait.java:80)
	at org.openqa.selenium.support.ui.FluentWait.until(FluentWait.java:232)
	at Package_1.Test_Frenzy_Firefox.Bits(Test_Frenzy_Firefox.java:248)
... Removed 25 stack frames]]>
    </failure>
  </testcase> <!-- Bits -->
  <testcase name="Premios" time="32.257" classname="Package_1.Test_Frenzy_Firefox">
    <failure type="org.openqa.selenium.TimeoutException" message="Expected condition failed: waiting for visibility of element located by By.xpath: //DIV[@class=&amp;apos;textCenter col-xs-12 col-sm-12 col-md-10 col-lg-8&amp;apos;] (tried for 30 second(s) with 500 MILLISECONDS interval)">
      <![CDATA[org.openqa.selenium.TimeoutException: Expected condition failed: waiting for visibility of element located by By.xpath: //DIV[@class='textCenter col-xs-12 col-sm-12 col-md-10 col-lg-8'] (tried for 30 second(s) with 500 MILLISECONDS interval)
	at org.openqa.selenium.support.ui.WebDriverWait.timeoutException(WebDriverWait.java:80)
	at org.openqa.selenium.support.ui.FluentWait.until(FluentWait.java:232)
	at Package_1.Test_Frenzy_Firefox.Premios(Test_Frenzy_Firefox.java:298)
Caused by: org.openqa.selenium.NoSuchElementException: Cannot locate an element using By.xpath: //DIV[@class='textCenter col-xs-12 col-sm-12 col-md-10 col-lg-8']
For documentation on this error, please visit: http://seleniumhq.org/exceptions/no_such_element.html
Build info: version: 'unknown', revision: 'unknown', time: 'unknown'
System info: host: 'COGNITS-1', ip: '192.168.50.37', os.name: 'Windows 10', os.arch: 'amd64', os.version: '10.0', java.version: '1.8.0_144'
Driver info: driver.version: unknown
	at org.openqa.selenium.support.ui.ExpectedConditions.lambda$findElement$0(ExpectedConditions.java:883)
	at java.util.Optional.orElseThrow(Optional.java:290)
	at org.openqa.selenium.support.ui.ExpectedConditions.findElement(ExpectedConditions.java:882)
	at org.openqa.selenium.support.ui.ExpectedConditions.access$000(ExpectedConditions.java:44)
	at org.openqa.selenium.support.ui.ExpectedConditions$7.apply(ExpectedConditions.java:206)
	at org.openqa.selenium.support.ui.ExpectedConditions$7.apply(ExpectedConditions.java:202)
	at org.openqa.selenium.support.ui.FluentWait.until(FluentWait.java:209)
	... 26 more
... Removed 25 stack frames]]>
    </failure>
  </testcase> <!-- Premios -->
  <testcase name="Buttons_PlayStore_and_AppStore" time="16.702" classname="Package_1.Test_Frenzy_Firefox">
    <failure type="org.openqa.selenium.WebDriverException" message="Failed to decode response from marionette
Build info: version: &amp;apos;unknown&amp;apos;, revision: &amp;apos;unknown&amp;apos;, time: &amp;apos;unknown&amp;apos;
System info: host: &amp;apos;COGNITS-1&amp;apos;, ip: &amp;apos;192.168.50.37&amp;apos;, os.name: &amp;apos;Windows 10&amp;apos;, os.arch: &amp;apos;amd64&amp;apos;, os.version: &amp;apos;10.0&amp;apos;, java.version: &amp;apos;1.8.0_144&amp;apos;
Driver info: org.openqa.selenium.firefox.FirefoxDriver
Capabilities [{moz:profile=C:\Users\Dilan\AppData\Local\Temp\rust_mozprofile.62yFrd2oLmQG, rotatable=false, timeouts={implicit=0, pageLoad=300000, script=30000}, pageLoadStrategy=normal, platform=XP, specificationLevel=0, moz:accessibilityChecks=false, acceptInsecureCerts=false, browserVersion=55.0.3, platformVersion=10.0, moz:processID=8180, browserName=firefox, javascriptEnabled=true, platformName=XP}]
Session ID: 67657698-e456-4045-bc79-4a688d0a7e29
*** Element info: {Using=xpath, value=//IMG[@class=&amp;apos;PlayStore&amp;apos;]}">
      <![CDATA[org.openqa.selenium.WebDriverException: Failed to decode response from marionette
Build info: version: 'unknown', revision: 'unknown', time: 'unknown'
System info: host: 'COGNITS-1', ip: '192.168.50.37', os.name: 'Windows 10', os.arch: 'amd64', os.version: '10.0', java.version: '1.8.0_144'
Driver info: org.openqa.selenium.firefox.FirefoxDriver
Capabilities [{moz:profile=C:\Users\Dilan\AppData\Local\Temp\rust_mozprofile.62yFrd2oLmQG, rotatable=false, timeouts={implicit=0, pageLoad=300000, script=30000}, pageLoadStrategy=normal, platform=XP, specificationLevel=0, moz:accessibilityChecks=false, acceptInsecureCerts=false, browserVersion=55.0.3, platformVersion=10.0, moz:processID=8180, browserName=firefox, javascriptEnabled=true, platformName=XP}]
Session ID: 67657698-e456-4045-bc79-4a688d0a7e29
*** Element info: {Using=xpath, value=//IMG[@class='PlayStore']}
	at org.openqa.selenium.remote.http.W3CHttpResponseCodec.createException(W3CHttpResponseCodec.java:185)
	at org.openqa.selenium.remote.http.W3CHttpResponseCodec.decode(W3CHttpResponseCodec.java:120)
	at org.openqa.selenium.remote.http.W3CHttpResponseCodec.decode(W3CHttpResponseCodec.java:49)
	at org.openqa.selenium.remote.HttpCommandExecutor.execute(HttpCommandExecutor.java:164)
	at org.openqa.selenium.remote.service.DriverCommandExecutor.execute(DriverCommandExecutor.java:82)
	at org.openqa.selenium.remote.RemoteWebDriver.execute(RemoteWebDriver.java:646)
	at org.openqa.selenium.remote.RemoteWebDriver.findElements(RemoteWebDriver.java:443)
	at org.openqa.selenium.remote.RemoteWebDriver.findElementsByXPath(RemoteWebDriver.java:522)
	at org.openqa.selenium.By$ByXPath.findElements(By.java:356)
	at org.openqa.selenium.remote.RemoteWebDriver.findElements(RemoteWebDriver.java:404)
	at org.openqa.selenium.support.ui.ExpectedConditions.findElement(ExpectedConditions.java:882)
	at org.openqa.selenium.support.ui.ExpectedConditions.access$000(ExpectedConditions.java:44)
	at org.openqa.selenium.support.ui.ExpectedConditions$7.apply(ExpectedConditions.java:206)
	at org.openqa.selenium.support.ui.ExpectedConditions$7.apply(ExpectedConditions.java:202)
	at org.openqa.selenium.support.ui.ExpectedConditions$22.apply(ExpectedConditions.java:644)
	at org.openqa.selenium.support.ui.ExpectedConditions$22.apply(ExpectedConditions.java:641)
	at org.openqa.selenium.support.ui.FluentWait.until(FluentWait.java:209)
	at Package_1.Test_Frenzy_Firefox.Buttons_PlayStore_and_AppStore(Test_Frenzy_Firefox.java:315)
... Removed 29 stack frames]]>
    </failure>
  </testcase> <!-- Buttons_PlayStore_and_AppStore -->
</testsuite> <!-- Test_Frenzy_Firefox -->
