<?xml version="1.0" encoding="UTF-8"?>
<!-- Generated by org.testng.reporters.JUnitXMLReporter -->
<testsuite hostname="Cognits-1" ignored="0" name="Test_Frenzy" tests="9" failures="1" timestamp="26 sep 2017 21:27:59 GMT" time="367.141" errors="0">
  <testcase name="AbrirNavegador" time="5.463" classname="Package_1.Test_Frenzy"/>
  <testcase name="Login" time="3.995" classname="Package_1.Test_Frenzy"/>
  <testcase name="Navbar" time="13.536" classname="Package_1.Test_Frenzy"/>
  <testcase name="buttonsHome" time="7.317" classname="Package_1.Test_Frenzy"/>
  <testcase name="Categorias" time="142.991" classname="Package_1.Test_Frenzy"/>
  <testcase name="QueEsFrenzy" time="31.927" classname="Package_1.Test_Frenzy">
    <failure type="org.openqa.selenium.TimeoutException" message="Expected condition failed: waiting for element to be clickable: By.xpath: //IMG[@class=&amp;apos;imgVideoButton&amp;apos;] (tried for 30 second(s) with 500 MILLISECONDS interval)">
      <![CDATA[org.openqa.selenium.TimeoutException: Expected condition failed: waiting for element to be clickable: By.xpath: //IMG[@class='imgVideoButton'] (tried for 30 second(s) with 500 MILLISECONDS interval)
	at org.openqa.selenium.support.ui.WebDriverWait.timeoutException(WebDriverWait.java:80)
	at org.openqa.selenium.support.ui.FluentWait.until(FluentWait.java:232)
	at Package_1.Test_Frenzy.QueEsFrenzy(Unknown Source)
Caused by: org.openqa.selenium.NoSuchElementException: Cannot locate an element using By.xpath: //IMG[@class='imgVideoButton']
For documentation on this error, please visit: http://seleniumhq.org/exceptions/no_such_element.html
Build info: version: 'unknown', revision: 'unknown', time: 'unknown'
System info: host: 'COGNITS-1', ip: '192.168.50.37', os.name: 'Windows 10', os.arch: 'amd64', os.version: '10.0', java.version: '1.8.0_144'
Driver info: driver.version: unknown
	at org.openqa.selenium.support.ui.ExpectedConditions.lambda$findElement$0(ExpectedConditions.java:883)
	at java.util.Optional.orElseThrow(Optional.java:290)
	at org.openqa.selenium.support.ui.ExpectedConditions.findElement(ExpectedConditions.java:882)
	at org.openqa.selenium.support.ui.ExpectedConditions.access$000(ExpectedConditions.java:44)
	at org.openqa.selenium.support.ui.ExpectedConditions$7.apply(ExpectedConditions.java:206)
	at org.openqa.selenium.support.ui.ExpectedConditions$7.apply(ExpectedConditions.java:202)
	at org.openqa.selenium.support.ui.ExpectedConditions$22.apply(ExpectedConditions.java:644)
	at org.openqa.selenium.support.ui.ExpectedConditions$22.apply(ExpectedConditions.java:641)
	at org.openqa.selenium.support.ui.FluentWait.until(FluentWait.java:209)
	... 26 more
... Removed 25 stack frames]]>
    </failure>
  </testcase> <!-- QueEsFrenzy -->
  <testcase name="Bits" time="147.637" classname="Package_1.Test_Frenzy"/>
  <testcase name="Premios" time="5.436" classname="Package_1.Test_Frenzy"/>
  <testcase name="Buttons_PlayStore_and_AppStore" time="8.797" classname="Package_1.Test_Frenzy"/>
</testsuite> <!-- Test_Frenzy -->
